<?xml version="1.0" encoding="UTF-8" ?>
<testsuite tests="8" failures="0" name="com.cucumber.pbsm.RunnerTest" time="0.01" errors="2" skipped="1">
  <properties>
[...]
</properties>
  <testcase classname="Scenario: User should be able to log-in" name="Given I am on Product builder log-in screen" time="0.002"/>
  <testcase classname="Scenario: User should be able to log-in" name="When Enter valid credential" time="0"/>
  <testcase classname="Scenario: User should be able to log-in" name="And Click on login button" time="0"/>
  <testcase classname="Scenario: User should be able to log-in" name="Then User is logged in successfully &quot;Cengage Tools&quot;" time="0"/>
  <testcase classname="Scenario: User should be able to log-in" name="Scenario: User should be able to log-in" time="0"/>
  <testcase classname="Scenario: Navigate to Product builder applicaiton" name="When Click on Product Builder link" time="0.002">
    <error type="java.lang.NullPointerException">java.lang.NullPointerException
	at com.cucumber.pbsm.StepDefination1.Pblink(StepDefination1.java:76)
	at ✽.When Click on Product Builder link(Productbuilder.feature:6)
</error>
  </testcase>
  <testcase classname="Scenario: Navigate to Product builder applicaiton" name="Scenario: Navigate to Product builder applicaiton" time="0.003">
    <error type="java.lang.NullPointerException">java.lang.NullPointerException
	at com.cucumber.pbsm.StepDefination1.Pblink(StepDefination1.java:76)
	at ✽.When Click on Product Builder link(Productbuilder.feature:6)
</error>
  </testcase>
  <testcase classname="Scenario: Navigate to Product builder applicaiton" name="Then User should be navigated to &apos;Welcome to Product Builder&apos; page" time="0.003">
    <skipped/>
  </testcase>
</testsuite>